"is_built_lib_minicalc" "true"
"built_lib_minicalc" "/home/gabriel/projet_perso/LILiS/_build/mini_calc/minicalc.cma"
"built_lib_minicalc" "/home/gabriel/projet_perso/LILiS/_build/mini_calc/minicalc.cmxa"
"built_lib_minicalc" "/home/gabriel/projet_perso/LILiS/_build/mini_calc/minicalc.a"
"built_lib_minicalc" "/home/gabriel/projet_perso/LILiS/_build/mini_calc/minicalc.cmxs"
"built_lib_minicalc" "/home/gabriel/projet_perso/LILiS/_build/mini_calc/mini_calc.cmi"
"built_lib_minicalc" "/home/gabriel/projet_perso/LILiS/_build/mini_calc/calc_parser.cmx"
"built_lib_minicalc" "/home/gabriel/projet_perso/LILiS/_build/mini_calc/calc_lexer.cmx"
"built_lib_minicalc" "/home/gabriel/projet_perso/LILiS/_build/mini_calc/calc_eval.cmx"
"built_lib_minicalc" "/home/gabriel/projet_perso/LILiS/_build/mini_calc/calc_type.cmx"
"built_lib_minicalc" "/home/gabriel/projet_perso/LILiS/_build/mini_calc/mini_calc.cmx"
"is_built_lib_lilis" "true"
"built_lib_lilis" "/home/gabriel/projet_perso/LILiS/_build/lilis/lilis.cma"
"built_lib_lilis" "/home/gabriel/projet_perso/LILiS/_build/lilis/lilis.cmxa"
"built_lib_lilis" "/home/gabriel/projet_perso/LILiS/_build/lilis/lilis.a"
"built_lib_lilis" "/home/gabriel/projet_perso/LILiS/_build/lilis/lilis.cmxs"
"built_lib_lilis" "/home/gabriel/projet_perso/LILiS/_build/lilis/lilis.cmi"
"built_lib_lilis" "/home/gabriel/projet_perso/LILiS/_build/lilis/ls_parser.cmx"
"built_lib_lilis" "/home/gabriel/projet_perso/LILiS/_build/lilis/ls_syntax.cmx"
"built_lib_lilis" "/home/gabriel/projet_perso/LILiS/_build/lilis/ls_lexer.cmx"
"built_lib_lilis" "/home/gabriel/projet_perso/LILiS/_build/lilis/ls_engine.cmx"
"built_lib_lilis" "/home/gabriel/projet_perso/LILiS/_build/lilis/ls_utils.cmx"
"built_lib_lilis" "/home/gabriel/projet_perso/LILiS/_build/lilis/ls_stream.cmx"
"built_lib_lilis" "/home/gabriel/projet_perso/LILiS/_build/lilis/ls_type.cmx"
"built_lib_lilis" "/home/gabriel/projet_perso/LILiS/_build/lilis/lilis.cmx"
"is_built_lib_glilis" "true"
"built_lib_glilis" "/home/gabriel/projet_perso/LILiS/_build/glilis/glilis.cma"
"built_lib_glilis" "/home/gabriel/projet_perso/LILiS/_build/glilis/glilis.cmxa"
"built_lib_glilis" "/home/gabriel/projet_perso/LILiS/_build/glilis/glilis.a"
"built_lib_glilis" "/home/gabriel/projet_perso/LILiS/_build/glilis/glilis.cmxs"
"built_lib_glilis" "/home/gabriel/projet_perso/LILiS/_build/glilis/glilis.cmi"
"built_lib_glilis" "/home/gabriel/projet_perso/LILiS/_build/glilis/glilis.cmx"
"is_built_lib_glilis.cairo" "true"
"built_lib_glilis.cairo" "/home/gabriel/projet_perso/LILiS/_build/glilis/glilis.cairo.cma"
"built_lib_glilis.cairo" "/home/gabriel/projet_perso/LILiS/_build/glilis/glilis.cairo.cmxa"
"built_lib_glilis.cairo" "/home/gabriel/projet_perso/LILiS/_build/glilis/glilis.cairo.a"
"built_lib_glilis.cairo" "/home/gabriel/projet_perso/LILiS/_build/glilis/glilis.cairo.cmxs"
"built_lib_glilis.cairo" "/home/gabriel/projet_perso/LILiS/_build/glilis/ls_cairo.cmi"
"built_lib_glilis.cairo" "/home/gabriel/projet_perso/LILiS/_build/glilis/ls_cairo.cmx"
"is_built_lib_glilis.tyxml" "true"
"built_lib_glilis.tyxml" "/home/gabriel/projet_perso/LILiS/_build/glilis/glilis.tyxml.cma"
"built_lib_glilis.tyxml" "/home/gabriel/projet_perso/LILiS/_build/glilis/glilis.tyxml.cmxa"
"built_lib_glilis.tyxml" "/home/gabriel/projet_perso/LILiS/_build/glilis/glilis.tyxml.a"
"built_lib_glilis.tyxml" "/home/gabriel/projet_perso/LILiS/_build/glilis/glilis.tyxml.cmxs"
"built_lib_glilis.tyxml" "/home/gabriel/projet_perso/LILiS/_build/glilis/ls_tyxml.cmi"
"built_lib_glilis.tyxml" "/home/gabriel/projet_perso/LILiS/_build/glilis/ls_tyxml.cmx"
